mode: set
go-telemedicine/service/service.go:22.11,30.2 1 0
go-telemedicine/service/consultationService/consultationService.go:15.74,19.2 1 0
go-telemedicine/service/consultationService/consultationService.go:21.102,23.16 2 0
go-telemedicine/service/consultationService/consultationService.go:23.16,26.3 2 0
go-telemedicine/service/consultationService/consultationService.go:28.2,29.16 2 0
go-telemedicine/service/consultationService/consultationService.go:29.16,32.3 2 0
go-telemedicine/service/consultationService/consultationService.go:34.2,34.27 1 0
go-telemedicine/service/consultationService/consultationService.go:34.27,37.3 2 0
go-telemedicine/service/consultationService/consultationService.go:39.2,40.16 2 0
go-telemedicine/service/consultationService/consultationService.go:40.16,43.3 2 0
go-telemedicine/service/consultationService/consultationService.go:45.2,60.16 3 0
go-telemedicine/service/consultationService/consultationService.go:60.16,62.3 1 0
go-telemedicine/service/consultationService/consultationService.go:63.2,63.20 1 0
go-telemedicine/service/consultationService/consultationService.go:66.151,68.16 2 0
go-telemedicine/service/consultationService/consultationService.go:68.16,71.3 2 0
go-telemedicine/service/consultationService/consultationService.go:72.2,72.20 1 0
go-telemedicine/service/consultationService/consultationService.go:76.149,85.16 3 0
go-telemedicine/service/consultationService/consultationService.go:85.16,88.3 2 0
go-telemedicine/service/consultationService/consultationService.go:89.2,89.20 1 0
go-telemedicine/service/userService/userPermissionService.go:15.78,19.2 1 0
go-telemedicine/service/userService/userPermissionService.go:21.117,23.16 2 0
go-telemedicine/service/userService/userPermissionService.go:23.16,26.3 2 0
go-telemedicine/service/userService/userPermissionService.go:27.2,27.20 1 0
go-telemedicine/service/userService/userPermissionService.go:30.100,38.16 3 0
go-telemedicine/service/userService/userPermissionService.go:38.16,41.3 2 0
go-telemedicine/service/userService/userPermissionService.go:42.2,42.20 1 0
go-telemedicine/service/userService/userPermissionService.go:45.108,51.16 3 0
go-telemedicine/service/userService/userPermissionService.go:51.16,54.3 2 0
go-telemedicine/service/userService/userPermissionService.go:55.2,55.20 1 0
go-telemedicine/service/userService/userPermissionService.go:59.108,61.16 2 0
go-telemedicine/service/userService/userPermissionService.go:61.16,64.3 2 0
go-telemedicine/service/userService/userPermissionService.go:65.2,75.16 3 0
go-telemedicine/service/userService/userPermissionService.go:75.16,78.3 2 0
go-telemedicine/service/userService/userPermissionService.go:79.2,79.20 1 0
go-telemedicine/service/userService/userPermissionService.go:83.119,85.16 2 0
go-telemedicine/service/userService/userPermissionService.go:85.16,88.3 2 0
go-telemedicine/service/userService/userPermissionService.go:89.2,89.20 1 0
go-telemedicine/service/userService/userPermissionService.go:92.119,94.16 2 0
go-telemedicine/service/userService/userPermissionService.go:94.16,97.3 2 0
go-telemedicine/service/userService/userPermissionService.go:98.2,98.20 1 0
go-telemedicine/service/userService/userService.go:15.58,19.2 1 0
go-telemedicine/service/userService/userService.go:21.78,24.16 2 0
go-telemedicine/service/userService/userService.go:24.16,27.3 2 0
go-telemedicine/service/userService/userService.go:29.2,39.16 3 0
go-telemedicine/service/userService/userService.go:39.16,42.3 2 0
go-telemedicine/service/userService/userService.go:45.2,51.16 3 0
go-telemedicine/service/userService/userService.go:51.16,53.3 1 0
go-telemedicine/service/userService/userService.go:55.2,55.20 1 0
go-telemedicine/service/userService/userService.go:58.84,60.16 2 0
go-telemedicine/service/userService/userService.go:60.16,63.3 2 0
go-telemedicine/service/userService/userService.go:64.2,64.20 1 0
go-telemedicine/service/userService/userService.go:67.91,70.16 2 0
go-telemedicine/service/userService/userService.go:70.16,73.3 2 0
go-telemedicine/service/userService/userService.go:75.2,76.36 2 0
go-telemedicine/service/userService/userService.go:76.36,79.3 2 0
go-telemedicine/service/userService/userService.go:81.2,82.16 2 0
go-telemedicine/service/userService/userService.go:82.16,85.3 2 0
go-telemedicine/service/userService/userService.go:87.2,88.16 2 0
go-telemedicine/service/userService/userService.go:88.16,91.3 2 0
go-telemedicine/service/userService/userService.go:93.2,94.16 2 0
go-telemedicine/service/userService/userService.go:94.16,97.3 2 0
go-telemedicine/service/userService/userService.go:99.2,100.16 2 0
go-telemedicine/service/userService/userService.go:100.16,103.3 2 0
go-telemedicine/service/userService/userService.go:105.2,113.20 2 0
go-telemedicine/service/userService/userService.go:116.89,119.16 2 0
go-telemedicine/service/userService/userService.go:119.16,122.3 2 0
go-telemedicine/service/userService/userService.go:124.2,125.16 2 0
go-telemedicine/service/userService/userService.go:125.16,128.3 2 0
go-telemedicine/service/userService/userService.go:130.2,131.16 2 0
go-telemedicine/service/userService/userService.go:131.16,134.3 2 0
go-telemedicine/service/userService/userService.go:136.2,137.16 2 0
go-telemedicine/service/userService/userService.go:137.16,140.3 2 0
go-telemedicine/service/userService/userService.go:142.2,143.16 2 0
go-telemedicine/service/userService/userService.go:143.16,146.3 2 0
go-telemedicine/service/userService/userService.go:148.2,149.16 2 0
go-telemedicine/service/userService/userService.go:149.16,152.3 2 0
go-telemedicine/service/userService/userService.go:154.2,162.20 2 0
go-telemedicine/service/userService/userService.go:165.61,167.16 2 0
go-telemedicine/service/userService/userService.go:167.16,170.3 2 0
go-telemedicine/service/userService/userService.go:172.2,173.16 2 0
go-telemedicine/service/userService/userService.go:173.16,176.3 2 0
go-telemedicine/service/userService/userService.go:177.2,177.12 1 0
go-telemedicine/service/userService/userService.go:180.107,182.16 2 0
go-telemedicine/service/userService/userService.go:182.16,185.3 2 0
go-telemedicine/service/userService/userService.go:186.2,186.20 1 0
go-telemedicine/service/userService/userService.go:189.78,192.16 2 0
go-telemedicine/service/userService/userService.go:192.16,195.3 2 0
go-telemedicine/service/userService/userService.go:197.2,207.16 3 0
go-telemedicine/service/userService/userService.go:207.16,210.3 2 0
go-telemedicine/service/userService/userService.go:213.2,219.16 3 0
go-telemedicine/service/userService/userService.go:219.16,221.3 1 0
go-telemedicine/service/userService/userService.go:223.2,223.20 1 0
go-telemedicine/service/service.go:22.11,30.2 1 1
go-telemedicine/service/consultationService/consultationService.go:15.74,19.2 1 1
go-telemedicine/service/consultationService/consultationService.go:21.102,23.16 2 0
go-telemedicine/service/consultationService/consultationService.go:23.16,26.3 2 0
go-telemedicine/service/consultationService/consultationService.go:28.2,29.16 2 0
go-telemedicine/service/consultationService/consultationService.go:29.16,32.3 2 0
go-telemedicine/service/consultationService/consultationService.go:34.2,34.27 1 0
go-telemedicine/service/consultationService/consultationService.go:34.27,37.3 2 0
go-telemedicine/service/consultationService/consultationService.go:39.2,40.16 2 0
go-telemedicine/service/consultationService/consultationService.go:40.16,43.3 2 0
go-telemedicine/service/consultationService/consultationService.go:45.2,60.16 3 0
go-telemedicine/service/consultationService/consultationService.go:60.16,62.3 1 0
go-telemedicine/service/consultationService/consultationService.go:63.2,63.20 1 0
go-telemedicine/service/consultationService/consultationService.go:66.151,68.16 2 0
go-telemedicine/service/consultationService/consultationService.go:68.16,71.3 2 0
go-telemedicine/service/consultationService/consultationService.go:72.2,72.20 1 0
go-telemedicine/service/consultationService/consultationService.go:76.149,85.16 3 0
go-telemedicine/service/consultationService/consultationService.go:85.16,88.3 2 0
go-telemedicine/service/consultationService/consultationService.go:89.2,89.20 1 0
go-telemedicine/service/scheduleService/scheduleService.go:15.66,19.2 1 1
go-telemedicine/service/scheduleService/scheduleService.go:21.90,32.16 3 1
go-telemedicine/service/scheduleService/scheduleService.go:32.16,35.3 2 1
go-telemedicine/service/scheduleService/scheduleService.go:36.2,36.20 1 0
go-telemedicine/service/scheduleService/scheduleService.go:39.130,41.16 2 0
go-telemedicine/service/scheduleService/scheduleService.go:41.16,44.3 2 0
go-telemedicine/service/scheduleService/scheduleService.go:45.2,45.20 1 0
go-telemedicine/service/scheduleService/scheduleService.go:48.88,50.16 2 1
go-telemedicine/service/scheduleService/scheduleService.go:50.16,53.3 2 1
go-telemedicine/service/scheduleService/scheduleService.go:54.2,54.20 1 1
go-telemedicine/service/userService/userPermissionService.go:15.78,19.2 1 1
go-telemedicine/service/userService/userPermissionService.go:21.117,23.16 2 0
go-telemedicine/service/userService/userPermissionService.go:23.16,26.3 2 0
go-telemedicine/service/userService/userPermissionService.go:27.2,27.20 1 0
go-telemedicine/service/userService/userPermissionService.go:30.100,38.16 3 0
go-telemedicine/service/userService/userPermissionService.go:38.16,41.3 2 0
go-telemedicine/service/userService/userPermissionService.go:42.2,42.20 1 0
go-telemedicine/service/userService/userPermissionService.go:45.108,51.16 3 0
go-telemedicine/service/userService/userPermissionService.go:51.16,54.3 2 0
go-telemedicine/service/userService/userPermissionService.go:55.2,55.20 1 0
go-telemedicine/service/userService/userPermissionService.go:59.108,61.16 2 0
go-telemedicine/service/userService/userPermissionService.go:61.16,64.3 2 0
go-telemedicine/service/userService/userPermissionService.go:65.2,75.16 3 0
go-telemedicine/service/userService/userPermissionService.go:75.16,78.3 2 0
go-telemedicine/service/userService/userPermissionService.go:79.2,79.20 1 0
go-telemedicine/service/userService/userPermissionService.go:83.119,85.16 2 0
go-telemedicine/service/userService/userPermissionService.go:85.16,88.3 2 0
go-telemedicine/service/userService/userPermissionService.go:89.2,89.20 1 0
go-telemedicine/service/userService/userPermissionService.go:92.119,94.16 2 0
go-telemedicine/service/userService/userPermissionService.go:94.16,97.3 2 0
go-telemedicine/service/userService/userPermissionService.go:98.2,98.20 1 0
go-telemedicine/service/userService/userService.go:15.58,19.2 1 1
go-telemedicine/service/userService/userService.go:21.78,24.16 2 0
go-telemedicine/service/userService/userService.go:24.16,27.3 2 0
go-telemedicine/service/userService/userService.go:29.2,39.16 3 0
go-telemedicine/service/userService/userService.go:39.16,42.3 2 0
go-telemedicine/service/userService/userService.go:45.2,51.16 3 0
go-telemedicine/service/userService/userService.go:51.16,53.3 1 0
go-telemedicine/service/userService/userService.go:55.2,55.20 1 0
go-telemedicine/service/userService/userService.go:58.84,60.16 2 0
go-telemedicine/service/userService/userService.go:60.16,63.3 2 0
go-telemedicine/service/userService/userService.go:64.2,64.20 1 0
go-telemedicine/service/userService/userService.go:67.91,70.16 2 0
go-telemedicine/service/userService/userService.go:70.16,73.3 2 0
go-telemedicine/service/userService/userService.go:75.2,76.36 2 0
go-telemedicine/service/userService/userService.go:76.36,79.3 2 0
go-telemedicine/service/userService/userService.go:81.2,82.16 2 0
go-telemedicine/service/userService/userService.go:82.16,85.3 2 0
go-telemedicine/service/userService/userService.go:87.2,88.16 2 0
go-telemedicine/service/userService/userService.go:88.16,91.3 2 0
go-telemedicine/service/userService/userService.go:93.2,94.16 2 0
go-telemedicine/service/userService/userService.go:94.16,97.3 2 0
go-telemedicine/service/userService/userService.go:99.2,100.16 2 0
go-telemedicine/service/userService/userService.go:100.16,103.3 2 0
go-telemedicine/service/userService/userService.go:105.2,113.20 2 0
go-telemedicine/service/userService/userService.go:116.89,119.16 2 0
go-telemedicine/service/userService/userService.go:119.16,122.3 2 0
go-telemedicine/service/userService/userService.go:124.2,125.16 2 0
go-telemedicine/service/userService/userService.go:125.16,128.3 2 0
go-telemedicine/service/userService/userService.go:130.2,131.16 2 0
go-telemedicine/service/userService/userService.go:131.16,134.3 2 0
go-telemedicine/service/userService/userService.go:136.2,137.16 2 0
go-telemedicine/service/userService/userService.go:137.16,140.3 2 0
go-telemedicine/service/userService/userService.go:142.2,143.16 2 0
go-telemedicine/service/userService/userService.go:143.16,146.3 2 0
go-telemedicine/service/userService/userService.go:148.2,149.16 2 0
go-telemedicine/service/userService/userService.go:149.16,152.3 2 0
go-telemedicine/service/userService/userService.go:154.2,162.20 2 0
go-telemedicine/service/userService/userService.go:165.61,167.16 2 0
go-telemedicine/service/userService/userService.go:167.16,170.3 2 0
go-telemedicine/service/userService/userService.go:172.2,173.16 2 0
go-telemedicine/service/userService/userService.go:173.16,176.3 2 0
go-telemedicine/service/userService/userService.go:177.2,177.12 1 0
go-telemedicine/service/userService/userService.go:180.107,182.16 2 0
go-telemedicine/service/userService/userService.go:182.16,185.3 2 0
go-telemedicine/service/userService/userService.go:186.2,186.20 1 0
go-telemedicine/service/userService/userService.go:189.78,192.16 2 0
go-telemedicine/service/userService/userService.go:192.16,195.3 2 0
go-telemedicine/service/userService/userService.go:197.2,207.16 3 0
go-telemedicine/service/userService/userService.go:207.16,210.3 2 0
go-telemedicine/service/userService/userService.go:213.2,219.16 3 0
go-telemedicine/service/userService/userService.go:219.16,221.3 1 0
go-telemedicine/service/userService/userService.go:223.2,223.20 1 0
